<?xml version="1.0" encoding="UTF-8"?>
<!-- Generated by org.testng.reporters.JUnitXMLReporter -->
<testsuite ignored="0" hostname="Gowtham" failures="0" tests="1" name="Test" time="0.185" errors="0" timestamp="2023-09-08T12:25:50 IST">
  <testcase classname="com.pages.Configuration" name="@BeforeTest initializeReport" time="0.067">
    <failure type="java.lang.NoClassDefFoundError" message="io/reactivex/rxjava3/core/Observer">
      <![CDATA[java.lang.NoClassDefFoundError: io/reactivex/rxjava3/core/Observer
at com.gowtham.utils.ReporterUtil.initializeReport(ReporterUtil.java:39)
at com.pages.Configuration.initializeReport(Configuration.java:47)
Caused by: java.lang.ClassNotFoundException: io.reactivex.rxjava3.core.Observer
at java.base/jdk.internal.loader.BuiltinClassLoader.loadClass(BuiltinClassLoader.java:641)
at java.base/jdk.internal.loader.ClassLoaders$AppClassLoader.loadClass(ClassLoaders.java:188)
at java.base/java.lang.ClassLoader.loadClass(ClassLoader.java:521)
... 24 more
... Removed 22 stack frames]]>
    </failure>
  </testcase> <!-- @BeforeTest initializeReport -->
  <testcase classname="com.pages.Configuration" name="@BeforeMethod intializeTest" time="0.0">
    <skipped/>
  </testcase> <!-- @BeforeMethod intializeTest -->
  <testcase classname="com.pages.Configuration" name="@BeforeMethod setUpPages" time="0.0">
    <skipped/>
  </testcase> <!-- @BeforeMethod setUpPages -->
  <testcase classname="com.pages.Configuration" name="@AfterMethod afterMethod" time="0.0">
    <skipped/>
  </testcase> <!-- @AfterMethod afterMethod -->
  <testcase classname="com.pages.Configuration" name="@AfterTest finalizeExecution" time="0.0">
    <skipped/>
  </testcase> <!-- @AfterTest finalizeExecution -->
  <testcase classname="com.tests.sampleTest" name="test_0001" time="0.0">
    <skipped/>
  </testcase> <!-- test_0001 -->
</testsuite> <!-- Test -->
